[2021-05-18 07:50:25,179] multiqc                                            [DEBUG  ]  No MultiQC config found: /afs/genomecenter.ucdavis.edu/software/multiqc/htstream.dev0/lssc0-linux/lib/python3.6/site-packages/multiqc-1.10.dev0-py3.6.egg/multiqc_config.yaml
[2021-05-18 07:50:25,179] multiqc                                            [DEBUG  ]  No MultiQC config found: /home/nasiegel/.multiqc_config.yaml
[2021-05-18 07:50:25,180] multiqc                                            [DEBUG  ]  No MultiQC config found: multiqc_config.yaml
[2021-05-18 07:50:25,180] multiqc                                            [DEBUG  ]  Command used: /software/multiqc/htstream.dev0/lssc0-linux/bin/multiqc -i mca-cleaning -o mca-htstream-report ./01-HTS_Preproc
[2021-05-18 07:50:26,229] multiqc                                            [WARNING]  MultiQC Version v1.10.1 now available!
[2021-05-18 07:50:26,230] multiqc                                            [INFO   ]  This is MultiQC v1.10.dev0
[2021-05-18 07:50:26,230] multiqc                                            [DEBUG  ]  Command     : /software/multiqc/htstream.dev0/lssc0-linux/bin/multiqc -i mca-cleaning -o mca-htstream-report ./01-HTS_Preproc
[2021-05-18 07:50:26,230] multiqc                                            [DEBUG  ]  Working dir : /share/workshop/mca_workshop/nasiegel
[2021-05-18 07:50:26,230] multiqc                                            [INFO   ]  Template    : default
[2021-05-18 07:50:26,231] multiqc                                            [DEBUG  ]  Running Python 3.6.8 |Anaconda, Inc.| (default, Dec 30 2018, 01:22:34)  [GCC 7.3.0]
[2021-05-18 07:50:26,231] multiqc                                            [INFO   ]  Report title: mca-cleaning
[2021-05-18 07:50:26,231] multiqc                                            [INFO   ]  Searching   : /share/workshop/mca_workshop/nasiegel/01-HTS_Preproc
[2021-05-18 07:50:26,233] multiqc                                            [DEBUG  ]  Analysing modules: custom_content, conpair, peddy, somalier, methylQA, mosdepth, phantompeakqualtools, qualimap, preseq, quast, qorts, rna_seqc, rockhopper, rsem, rseqc, busco, goleft_indexcov, disambiguate, supernova, deeptools, sargasso, verifybamid, mirtrace, happy, mirtop, homer, hops, macs2, theta2, snpeff, gatk, htseq, bcftools, featureCounts, fgbio, dragen, dedup, damageprofiler, biobambam2, mtnucratio, picard, prokka, samblaster, samtools, sexdeterrmine, bamtools, jellyfish, vcftools, longranger, stacks, varscan2, bbmap, bismark, biscuit, hicexplorer, hicup, hicpro, salmon, kallisto, slamdunk, star, hisat2, tophat, bowtie2, bowtie1, snpsplit, kat, leehom, adapterRemoval, clipandmerge, cutadapt, flexbar, kaiju, kraken, malt, trimmomatic, sickle, skewer, sortmerna, biobloomtools, fastq_screen, afterqc, fastp, fastqc, pycoqc, minionqc, multivcfanalyzer, clusterflow, bcl2fastq, interop, ivar, flash, seqyclean, htstream
[2021-05-18 07:50:26,233] multiqc                                            [DEBUG  ]  Using temporary directory for creating report: /tmp/tmpsmxofqri
[2021-05-18 07:50:26,268] multiqc                                            [DEBUG  ]  Ignoring file as matched an ignore pattern: Bs1_2C_D5_R2.fastq.gz
[2021-05-18 07:50:26,268] multiqc                                            [DEBUG  ]  Ignoring file as matched an ignore pattern: Bs1_2C_D5_SE.fastq.gz
[2021-05-18 07:50:26,324] multiqc                                            [DEBUG  ]  File ignored by hicexplorer because it exceeded search pattern filesize limit: Bs1_2C_B5.json
[2021-05-18 07:50:26,338] multiqc                                            [DEBUG  ]  File ignored by longranger/invocation because it exceeded search pattern filesize limit: Bs1_2C_B5.json
[2021-05-18 07:50:26,396] multiqc                                            [DEBUG  ]  File ignored by hicexplorer because it exceeded search pattern filesize limit: Bs1_2C_A0.json
[2021-05-18 07:50:26,406] multiqc                                            [DEBUG  ]  File ignored by longranger/invocation because it exceeded search pattern filesize limit: Bs1_2C_A0.json
[2021-05-18 07:50:26,440] multiqc                                            [DEBUG  ]  Ignoring file as matched an ignore pattern: Bs1_2C_C5_SE.fastq.gz
[2021-05-18 07:50:26,441] multiqc                                            [DEBUG  ]  Ignoring file as matched an ignore pattern: Bs1_2C_C5_R2.fastq.gz
[2021-05-18 07:50:26,441] multiqc                                            [DEBUG  ]  Ignoring file as matched an ignore pattern: Bs1_2C_B5_R2.fastq.gz
[2021-05-18 07:50:26,465] multiqc                                            [DEBUG  ]  File ignored by hicexplorer because it exceeded search pattern filesize limit: Bs1_2C_C5.json
[2021-05-18 07:50:26,476] multiqc                                            [DEBUG  ]  File ignored by longranger/invocation because it exceeded search pattern filesize limit: Bs1_2C_C5.json
[2021-05-18 07:50:26,508] multiqc                                            [DEBUG  ]  Ignoring file as matched an ignore pattern: Bs1_2C_B5_SE.fastq.gz
[2021-05-18 07:50:26,509] multiqc                                            [DEBUG  ]  Ignoring file as matched an ignore pattern: Bs1_2C_A5_R2.fastq.gz
[2021-05-18 07:50:26,509] multiqc                                            [DEBUG  ]  Ignoring file as matched an ignore pattern: Bs1_2C_A5_SE.fastq.gz
[2021-05-18 07:50:26,510] multiqc                                            [DEBUG  ]  Ignoring file as matched an ignore pattern: Bs1_2C_A0_R1.fastq.gz
[2021-05-18 07:50:26,510] multiqc                                            [DEBUG  ]  Ignoring file as matched an ignore pattern: Bs1_2C_B0_R1.fastq.gz
[2021-05-18 07:50:26,511] multiqc                                            [DEBUG  ]  Ignoring file as matched an ignore pattern: Bs1_2C_C0_R1.fastq.gz
[2021-05-18 07:50:26,534] multiqc                                            [DEBUG  ]  File ignored by hicexplorer because it exceeded search pattern filesize limit: Bs1_2C_C0.json
[2021-05-18 07:50:26,545] multiqc                                            [DEBUG  ]  File ignored by longranger/invocation because it exceeded search pattern filesize limit: Bs1_2C_C0.json
[2021-05-18 07:50:26,600] multiqc                                            [DEBUG  ]  File ignored by hicexplorer because it exceeded search pattern filesize limit: Bs1_2C_A5.json
[2021-05-18 07:50:26,611] multiqc                                            [DEBUG  ]  File ignored by longranger/invocation because it exceeded search pattern filesize limit: Bs1_2C_A5.json
[2021-05-18 07:50:26,645] multiqc                                            [DEBUG  ]  Ignoring file as matched an ignore pattern: Bs1_2C_D0_R1.fastq.gz
[2021-05-18 07:50:26,668] multiqc                                            [DEBUG  ]  File ignored by hicexplorer because it exceeded search pattern filesize limit: Bs1_2C_B0.json
[2021-05-18 07:50:26,679] multiqc                                            [DEBUG  ]  File ignored by longranger/invocation because it exceeded search pattern filesize limit: Bs1_2C_B0.json
[2021-05-18 07:50:26,713] multiqc                                            [DEBUG  ]  Ignoring file as matched an ignore pattern: Bs1_2C_D0_R2.fastq.gz
[2021-05-18 07:50:26,713] multiqc                                            [DEBUG  ]  Ignoring file as matched an ignore pattern: Bs1_2C_D0_SE.fastq.gz
[2021-05-18 07:50:26,714] multiqc                                            [DEBUG  ]  Ignoring file as matched an ignore pattern: Bs1_2C_B0_R2.fastq.gz
[2021-05-18 07:50:26,714] multiqc                                            [DEBUG  ]  Ignoring file as matched an ignore pattern: Bs1_2C_B0_SE.fastq.gz
[2021-05-18 07:50:26,715] multiqc                                            [DEBUG  ]  Ignoring file as matched an ignore pattern: Bs1_2C_C0_SE.fastq.gz
[2021-05-18 07:50:26,716] multiqc                                            [DEBUG  ]  Ignoring file as matched an ignore pattern: Bs1_2C_C0_R2.fastq.gz
[2021-05-18 07:50:26,716] multiqc                                            [DEBUG  ]  Ignoring file as matched an ignore pattern: Bs1_2C_A0_R2.fastq.gz
[2021-05-18 07:50:26,739] multiqc                                            [DEBUG  ]  File ignored by hicexplorer because it exceeded search pattern filesize limit: Bs1_2C_D0.json
[2021-05-18 07:50:26,750] multiqc                                            [DEBUG  ]  File ignored by longranger/invocation because it exceeded search pattern filesize limit: Bs1_2C_D0.json
[2021-05-18 07:50:26,792] multiqc                                            [DEBUG  ]  Ignoring file as matched an ignore pattern: Bs1_2C_A0_SE.fastq.gz
[2021-05-18 07:50:26,818] multiqc                                            [DEBUG  ]  File ignored by hicexplorer because it exceeded search pattern filesize limit: Bs1_2C_D5.json
[2021-05-18 07:50:26,829] multiqc                                            [DEBUG  ]  File ignored by longranger/invocation because it exceeded search pattern filesize limit: Bs1_2C_D5.json
[2021-05-18 07:50:26,861] multiqc                                            [DEBUG  ]  Ignoring file as matched an ignore pattern: Bs1_2C_A5_R1.fastq.gz
[2021-05-18 07:50:26,862] multiqc                                            [DEBUG  ]  Ignoring file as matched an ignore pattern: Bs1_2C_C5_R1.fastq.gz
[2021-05-18 07:50:26,863] multiqc                                            [DEBUG  ]  Ignoring file as matched an ignore pattern: Bs1_2C_B5_R1.fastq.gz
[2021-05-18 07:50:26,863] multiqc                                            [DEBUG  ]  Ignoring file as matched an ignore pattern: Bs1_2C_D5_R1.fastq.gz
[2021-05-18 07:50:28,436] multiqc.plots.bargraph                             [DEBUG  ]  Using matplotlib version 3.0.3
[2021-05-18 07:50:28,438] multiqc.plots.linegraph                            [DEBUG  ]  Using matplotlib version 3.0.3
[2021-05-18 07:50:28,443] multiqc                                            [DEBUG  ]  No samples found: custom_content
[2021-05-18 07:50:28,455] multiqc                                            [DEBUG  ]  No samples found: conpair
[2021-05-18 07:50:28,464] multiqc                                            [DEBUG  ]  No samples found: peddy
[2021-05-18 07:50:28,477] multiqc                                            [DEBUG  ]  No samples found: somalier
[2021-05-18 07:50:28,488] multiqc                                            [DEBUG  ]  No samples found: methylQA
[2021-05-18 07:50:28,507] multiqc                                            [DEBUG  ]  No samples found: mosdepth
[2021-05-18 07:50:28,520] multiqc                                            [DEBUG  ]  No samples found: phantompeakqualtools
[2021-05-18 07:50:28,528] multiqc                                            [DEBUG  ]  No samples found: qualimap
[2021-05-18 07:50:28,540] multiqc                                            [DEBUG  ]  No samples found: preseq
[2021-05-18 07:50:28,553] multiqc                                            [DEBUG  ]  No samples found: quast
[2021-05-18 07:50:28,567] multiqc                                            [DEBUG  ]  No samples found: qorts
[2021-05-18 07:50:28,579] multiqc                                            [DEBUG  ]  No samples found: rna_seqc
[2021-05-18 07:50:28,591] multiqc                                            [DEBUG  ]  No samples found: rockhopper
[2021-05-18 07:50:28,602] multiqc                                            [DEBUG  ]  No samples found: rsem
[2021-05-18 07:50:28,628] multiqc                                            [DEBUG  ]  No samples found: rseqc
[2021-05-18 07:50:28,641] multiqc                                            [DEBUG  ]  No samples found: busco
[2021-05-18 07:50:28,653] multiqc                                            [DEBUG  ]  No samples found: goleft_indexcov
[2021-05-18 07:50:28,662] multiqc                                            [DEBUG  ]  No samples found: disambiguate
[2021-05-18 07:50:28,673] multiqc                                            [DEBUG  ]  No samples found: supernova
[2021-05-18 07:50:28,701] multiqc                                            [DEBUG  ]  No samples found: deeptools
[2021-05-18 07:50:28,713] multiqc                                            [DEBUG  ]  No samples found: sargasso
[2021-05-18 07:50:28,724] multiqc                                            [DEBUG  ]  No samples found: verifybamid
[2021-05-18 07:50:28,737] multiqc                                            [DEBUG  ]  No samples found: mirtrace
[2021-05-18 07:50:28,746] multiqc                                            [DEBUG  ]  No samples found: happy
[2021-05-18 07:50:28,757] multiqc                                            [DEBUG  ]  No samples found: mirtop
[2021-05-18 07:50:28,772] multiqc                                            [DEBUG  ]  No samples found: homer
[2021-05-18 07:50:28,785] multiqc                                            [DEBUG  ]  No samples found: hops
[2021-05-18 07:50:28,796] multiqc                                            [DEBUG  ]  No samples found: macs2
[2021-05-18 07:50:28,808] multiqc                                            [DEBUG  ]  No samples found: theta2
[2021-05-18 07:50:28,820] multiqc                                            [DEBUG  ]  No samples found: snpeff
[2021-05-18 07:50:28,835] multiqc                                            [DEBUG  ]  No samples found: gatk
[2021-05-18 07:50:28,848] multiqc                                            [DEBUG  ]  No samples found: htseq
[2021-05-18 07:50:28,860] multiqc                                            [DEBUG  ]  No samples found: bcftools
[2021-05-18 07:50:28,872] multiqc                                            [DEBUG  ]  No samples found: featureCounts
[2021-05-18 07:50:28,887] multiqc                                            [DEBUG  ]  No samples found: fgbio
[2021-05-18 07:50:28,914] multiqc                                            [DEBUG  ]  No samples found: dragen
[2021-05-18 07:50:28,926] multiqc                                            [DEBUG  ]  No samples found: dedup
[2021-05-18 07:50:28,938] multiqc                                            [DEBUG  ]  No samples found: damageprofiler
[2021-05-18 07:50:28,985] multiqc                                            [DEBUG  ]  No samples found: biobambam2
[2021-05-18 07:50:28,996] multiqc                                            [DEBUG  ]  No samples found: mtnucratio
[2021-05-18 07:50:29,003] multiqc                                            [DEBUG  ]  No samples found: picard
[2021-05-18 07:50:29,012] multiqc                                            [DEBUG  ]  No samples found: prokka
[2021-05-18 07:50:29,019] multiqc                                            [DEBUG  ]  No samples found: samblaster
[2021-05-18 07:50:29,035] multiqc                                            [DEBUG  ]  No samples found: samtools
[2021-05-18 07:50:29,085] multiqc                                            [DEBUG  ]  No samples found: sexdeterrmine
[2021-05-18 07:50:29,097] multiqc                                            [DEBUG  ]  No samples found: bamtools
[2021-05-18 07:50:29,107] multiqc                                            [DEBUG  ]  No samples found: jellyfish
[2021-05-18 07:50:29,123] multiqc                                            [DEBUG  ]  No samples found: vcftools
[2021-05-18 07:50:29,134] multiqc                                            [DEBUG  ]  No samples found: longranger
[2021-05-18 07:50:29,146] multiqc                                            [DEBUG  ]  No samples found: stacks
[2021-05-18 07:50:29,157] multiqc                                            [DEBUG  ]  No samples found: varscan2
[2021-05-18 07:50:29,182] multiqc                                            [DEBUG  ]  No samples found: bbmap
[2021-05-18 07:50:29,192] multiqc                                            [DEBUG  ]  No samples found: bismark
[2021-05-18 07:50:29,203] multiqc                                            [DEBUG  ]  No samples found: biscuit
[2021-05-18 07:50:29,214] multiqc                                            [DEBUG  ]  No samples found: hicexplorer
[2021-05-18 07:50:29,224] multiqc                                            [DEBUG  ]  No samples found: hicup
[2021-05-18 07:50:29,235] multiqc                                            [DEBUG  ]  No samples found: hicpro
[2021-05-18 07:50:29,247] multiqc                                            [DEBUG  ]  No samples found: salmon
[2021-05-18 07:50:29,258] multiqc                                            [DEBUG  ]  No samples found: kallisto
[2021-05-18 07:50:29,269] multiqc                                            [DEBUG  ]  No samples found: slamdunk
[2021-05-18 07:50:29,281] multiqc                                            [DEBUG  ]  No samples found: star
[2021-05-18 07:50:29,293] multiqc                                            [DEBUG  ]  No samples found: hisat2
[2021-05-18 07:50:29,304] multiqc                                            [DEBUG  ]  No samples found: tophat
[2021-05-18 07:50:29,317] multiqc                                            [DEBUG  ]  No samples found: bowtie2
[2021-05-18 07:50:29,326] multiqc                                            [DEBUG  ]  No samples found: bowtie1
[2021-05-18 07:50:29,338] multiqc                                            [DEBUG  ]  No samples found: snpsplit
[2021-05-18 07:50:29,351] multiqc                                            [DEBUG  ]  No samples found: kat
[2021-05-18 07:50:29,362] multiqc                                            [DEBUG  ]  No samples found: leehom
[2021-05-18 07:50:29,373] multiqc                                            [DEBUG  ]  No samples found: adapterRemoval
[2021-05-18 07:50:29,385] multiqc                                            [DEBUG  ]  No samples found: clipandmerge
[2021-05-18 07:50:29,397] multiqc                                            [DEBUG  ]  No samples found: cutadapt
[2021-05-18 07:50:29,409] multiqc                                            [DEBUG  ]  No samples found: flexbar
[2021-05-18 07:50:29,420] multiqc                                            [DEBUG  ]  No samples found: kaiju
[2021-05-18 07:50:29,433] multiqc                                            [DEBUG  ]  No samples found: kraken
[2021-05-18 07:50:29,445] multiqc                                            [DEBUG  ]  No samples found: malt
[2021-05-18 07:50:29,460] multiqc                                            [DEBUG  ]  No samples found: trimmomatic
[2021-05-18 07:50:29,469] multiqc                                            [DEBUG  ]  No samples found: sickle
[2021-05-18 07:50:29,480] multiqc                                            [DEBUG  ]  No samples found: skewer
[2021-05-18 07:50:29,491] multiqc                                            [DEBUG  ]  No samples found: sortmerna
[2021-05-18 07:50:29,503] multiqc                                            [DEBUG  ]  No samples found: biobloomtools
[2021-05-18 07:50:29,513] multiqc                                            [DEBUG  ]  No samples found: fastq_screen
[2021-05-18 07:50:29,523] multiqc                                            [DEBUG  ]  No samples found: afterqc
[2021-05-18 07:50:29,534] multiqc                                            [DEBUG  ]  No samples found: fastp
[2021-05-18 07:50:29,545] multiqc                                            [DEBUG  ]  No samples found: fastqc
[2021-05-18 07:50:29,557] multiqc                                            [DEBUG  ]  No samples found: pycoqc
[2021-05-18 07:50:29,568] multiqc                                            [DEBUG  ]  No samples found: minionqc
[2021-05-18 07:50:29,580] multiqc                                            [DEBUG  ]  No samples found: multivcfanalyzer
[2021-05-18 07:50:29,591] multiqc                                            [DEBUG  ]  No samples found: clusterflow
[2021-05-18 07:50:29,602] multiqc                                            [DEBUG  ]  No samples found: bcl2fastq
[2021-05-18 07:50:29,613] multiqc                                            [DEBUG  ]  No samples found: interop
[2021-05-18 07:50:29,625] multiqc                                            [DEBUG  ]  No samples found: ivar
[2021-05-18 07:50:29,637] multiqc                                            [DEBUG  ]  No samples found: flash
[2021-05-18 07:50:29,651] multiqc                                            [DEBUG  ]  No samples found: seqyclean
[2021-05-18 07:50:31,337] multiqc                                            [INFO   ]  Compressing plot data
[2021-05-18 07:51:04,146] multiqc                                            [INFO   ]  Report      : mca-htstream-report/mca-cleaning_multiqc_report.html
[2021-05-18 07:51:04,147] multiqc                                            [INFO   ]  Data        : mca-htstream-report/mca-cleaning_multiqc_report_data
[2021-05-18 07:51:04,147] multiqc                                            [DEBUG  ]  Moving data file from '/tmp/tmpsmxofqri/multiqc_data' to 'mca-htstream-report/mca-cleaning_multiqc_report_data'
[2021-05-18 07:51:04,620] multiqc                                            [INFO   ]  MultiQC complete
